Log file open, 01/22/17 08:10:29
LogInit:Display: Running engine for game: Wulna
LogPlatformFile: Not using cached read wrapper
LogInit:Display: RandInit(-1548865276) SRandInit(-1548865276).
LogTaskGraph: Started task graph with 5 named threads and 6 total threads with 1 sets of task threads.
LogStats: Stats thread started at 0.097719
LogPluginManager: Loaded Plugin Paper2D, From C:/Program Files (x86)/Epic Games/4.14/Engine/Plugins/2D/Paper2D/Paper2D.uplugin
LogPluginManager: Loaded Plugin LightPropagationVolume, From C:/Program Files (x86)/Epic Games/4.14/Engine/Plugins/Blendables/LightPropagationVolume/LightPropagationVolume.uplugin
LogPluginManager: Loaded Plugin BlankPlugin, From C:/Program Files (x86)/Epic Games/4.14/Engine/Plugins/Developer/BlankPlugin/BlankPlugin.uplugin
LogPluginManager: Loaded Plugin CodeLiteSourceCodeAccess, From C:/Program Files (x86)/Epic Games/4.14/Engine/Plugins/Developer/CodeLiteSourceCodeAccess/CodeLiteSourceCodeAccess.uplugin
LogPluginManager: Loaded Plugin GitSourceControl, From C:/Program Files (x86)/Epic Games/4.14/Engine/Plugins/Developer/GitSourceControl/GitSourceControl.uplugin
LogPluginManager: Loaded Plugin KDevelopSourceCodeAccess, From C:/Program Files (x86)/Epic Games/4.14/Engine/Plugins/Developer/KDevelopSourceCodeAccess/KDevelopSourceCodeAccess.uplugin
LogPluginManager: Loaded Plugin NullSourceCodeAccess, From C:/Program Files (x86)/Epic Games/4.14/Engine/Plugins/Developer/NullSourceCodeAccess/NullSourceCodeAccess.uplugin
LogPluginManager: Loaded Plugin OneSkyLocalizationService, From C:/Program Files (x86)/Epic Games/4.14/Engine/Plugins/Developer/OneSkyLocalizationService/OneSkyLocalizationService.uplugin
LogPluginManager: Loaded Plugin PerforceSourceControl, From C:/Program Files (x86)/Epic Games/4.14/Engine/Plugins/Developer/PerforceSourceControl/PerforceSourceControl.uplugin
LogPluginManager: Loaded Plugin SubversionSourceControl, From C:/Program Files (x86)/Epic Games/4.14/Engine/Plugins/Developer/SubversionSourceControl/SubversionSourceControl.uplugin
LogPluginManager: Loaded Plugin UObjectPlugin, From C:/Program Files (x86)/Epic Games/4.14/Engine/Plugins/Developer/UObjectPlugin/UObjectPlugin.uplugin
LogPluginManager: Loaded Plugin VisualStudioSourceCodeAccess, From C:/Program Files (x86)/Epic Games/4.14/Engine/Plugins/Developer/VisualStudioSourceCodeAccess/VisualStudioSourceCodeAccess.uplugin
LogPluginManager: Loaded Plugin XCodeSourceCodeAccess, From C:/Program Files (x86)/Epic Games/4.14/Engine/Plugins/Developer/XCodeSourceCodeAccess/XCodeSourceCodeAccess.uplugin
LogPluginManager: Loaded Plugin AudioCapture, From C:/Program Files (x86)/Epic Games/4.14/Engine/Plugins/Editor/AudioCapture/AudioCapture.uplugin
LogPluginManager: Loaded Plugin EpicSurvey, From C:/Program Files (x86)/Epic Games/4.14/Engine/Plugins/Editor/EpicSurvey/EpicSurvey.uplugin
LogPluginManager: Loaded Plugin MacGraphicsSwitching, From C:/Program Files (x86)/Epic Games/4.14/Engine/Plugins/Editor/MacGraphicsSwitching/MacGraphicsSwitching.uplugin
LogPluginManager: Loaded Plugin MobileLauncherProfileWizard, From C:/Program Files (x86)/Epic Games/4.14/Engine/Plugins/Editor/MobileLauncherProfileWizard/MobileLauncherProfileWizard.uplugin
LogPluginManager: Loaded Plugin PluginBrowser, From C:/Program Files (x86)/Epic Games/4.14/Engine/Plugins/Editor/PluginBrowser/PluginBrowser.uplugin
LogPluginManager: Loaded Plugin SpeedTreeImporter, From C:/Program Files (x86)/Epic Games/4.14/Engine/Plugins/Editor/SpeedTreeImporter/SpeedTreeImporter.uplugin
LogPluginManager: Loaded Plugin SuperSearchEditor, From C:/Program Files (x86)/Epic Games/4.14/Engine/Plugins/Editor/SuperSearchEditor/SuperSearchEditor.uplugin
LogPluginManager: Loaded Plugin AlembicImporter, From C:/Program Files (x86)/Epic Games/4.14/Engine/Plugins/Experimental/AlembicImporter/AlembicImporter.uplugin
LogPluginManager: Loaded Plugin BlueprintStats, From C:/Program Files (x86)/Epic Games/4.14/Engine/Plugins/Experimental/BlueprintStats/BlueprintStats.uplugin
LogPluginManager: Loaded Plugin CharacterAI, From C:/Program Files (x86)/Epic Games/4.14/Engine/Plugins/Experimental/CharacterAI/CharacterAI.uplugin
LogPluginManager: Loaded Plugin CodeEditor, From C:/Program Files (x86)/Epic Games/4.14/Engine/Plugins/Experimental/CodeEditor/CodeEditor.uplugin
LogPluginManager: Loaded Plugin CodeView, From C:/Program Files (x86)/Epic Games/4.14/Engine/Plugins/Experimental/CodeView/CodeView.uplugin
LogPluginManager: Loaded Plugin HTML5Networking, From C:/Program Files (x86)/Epic Games/4.14/Engine/Plugins/Experimental/HTML5Networking/HTML5Networking.uplugin
LogPluginManager: Loaded Plugin OSVR, From C:/Program Files (x86)/Epic Games/4.14/Engine/Plugins/Experimental/OSVR/OSVR.uplugin
LogPluginManager: Loaded Plugin Phya, From C:/Program Files (x86)/Epic Games/4.14/Engine/Plugins/Experimental/Phya/Phya.uplugin
LogPluginManager: Loaded Plugin SignificanceManager, From C:/Program Files (x86)/Epic Games/4.14/Engine/Plugins/Experimental/SignificanceManager/SignificanceManager.uplugin
LogPluginManager: Loaded Plugin SimpleHMD, From C:/Program Files (x86)/Epic Games/4.14/Engine/Plugins/Experimental/SimpleHMD/SimpleHMD.uplugin
LogPluginManager: Loaded Plugin StereoPanorama, From C:/Program Files (x86)/Epic Games/4.14/Engine/Plugins/Experimental/StereoPanorama/StereoPanorama.uplugin
LogPluginManager: Loaded Plugin StructBox, From C:/Program Files (x86)/Epic Games/4.14/Engine/Plugins/Experimental/StructBox/StructBox.uplugin
LogPluginManager: Loaded Plugin AndroidMedia, From C:/Program Files (x86)/Epic Games/4.14/Engine/Plugins/Media/AndroidMedia/AndroidMedia.uplugin
LogPluginManager: Loaded Plugin AvfMedia, From C:/Program Files (x86)/Epic Games/4.14/Engine/Plugins/Media/AvfMedia/AvfMedia.uplugin
LogPluginManager: Loaded Plugin MediaPlayerEditor, From C:/Program Files (x86)/Epic Games/4.14/Engine/Plugins/Media/MediaPlayerEditor/MediaPlayerEditor.uplugin
LogPluginManager: Loaded Plugin WmfMedia, From C:/Program Files (x86)/Epic Games/4.14/Engine/Plugins/Media/WmfMedia/WmfMedia.uplugin
LogPluginManager: Loaded Plugin MessagingDebugger, From C:/Program Files (x86)/Epic Games/4.14/Engine/Plugins/Messaging/MessagingDebugger/MessagingDebugger.uplugin
LogPluginManager: Loaded Plugin TcpMessaging, From C:/Program Files (x86)/Epic Games/4.14/Engine/Plugins/Messaging/TcpMessaging/TcpMessaging.uplugin
LogPluginManager: Loaded Plugin UdpMessaging, From C:/Program Files (x86)/Epic Games/4.14/Engine/Plugins/Messaging/UdpMessaging/UdpMessaging.uplugin
LogPluginManager: Loaded Plugin LevelSequenceEditor, From C:/Program Files (x86)/Epic Games/4.14/Engine/Plugins/MovieScene/LevelSequenceEditor/LevelSequenceEditor.uplugin
LogPluginManager: Loaded Plugin MatineeToLevelSequence, From C:/Program Files (x86)/Epic Games/4.14/Engine/Plugins/MovieScene/MatineeToLevelSequence/MatineeToLevelSequence.uplugin
LogPluginManager: Loaded Plugin NetcodeUnitTest, From C:/Program Files (x86)/Epic Games/4.14/Engine/Plugins/NetcodeUnitTest/NetcodeUnitTest/NetcodeUnitTest.uplugin
LogPluginManager: Loaded Plugin NUTUnrealEngine4, From C:/Program Files (x86)/Epic Games/4.14/Engine/Plugins/NetcodeUnitTest/NUTUnrealEngine4/NUTUnrealEngine4.uplugin
LogPluginManager: Loaded Plugin OnlineSubsystemGameCircle, From C:/Program Files (x86)/Epic Games/4.14/Engine/Plugins/Online/Android/OnlineSubsystemGameCircle/OnlineSubsystemGameCircle.uplugin
LogPluginManager: Loaded Plugin OnlineSubsystemGooglePlay, From C:/Program Files (x86)/Epic Games/4.14/Engine/Plugins/Online/Android/OnlineSubsystemGooglePlay/OnlineSubsystemGooglePlay.uplugin
LogPluginManager: Loaded Plugin OnlineSubsystemIOS, From C:/Program Files (x86)/Epic Games/4.14/Engine/Plugins/Online/IOS/OnlineSubsystemIOS/OnlineSubsystemIOS.uplugin
LogPluginManager: Loaded Plugin OnlineFramework, From C:/Program Files (x86)/Epic Games/4.14/Engine/Plugins/Online/OnlineFramework/OnlineFramework.uplugin
LogPluginManager: Loaded Plugin OnlineSubsystem, From C:/Program Files (x86)/Epic Games/4.14/Engine/Plugins/Online/OnlineSubsystem/OnlineSubsystem.uplugin
LogPluginManager: Loaded Plugin OnlineSubsystemAmazon, From C:/Program Files (x86)/Epic Games/4.14/Engine/Plugins/Online/OnlineSubsystemAmazon/OnlineSubsystemAmazon.uplugin
LogPluginManager: Loaded Plugin OnlineSubsystemFacebook, From C:/Program Files (x86)/Epic Games/4.14/Engine/Plugins/Online/OnlineSubsystemFacebook/OnlineSubsystemFacebook.uplugin
LogPluginManager: Loaded Plugin OnlineSubsystemNull, From C:/Program Files (x86)/Epic Games/4.14/Engine/Plugins/Online/OnlineSubsystemNull/OnlineSubsystemNull.uplugin
LogPluginManager: Loaded Plugin OnlineSubsystemOculus, From C:/Program Files (x86)/Epic Games/4.14/Engine/Plugins/Online/OnlineSubsystemOculus/OnlineSubsystemOculus.uplugin
LogPluginManager: Loaded Plugin OnlineSubsystemSteam, From C:/Program Files (x86)/Epic Games/4.14/Engine/Plugins/Online/OnlineSubsystemSteam/OnlineSubsystemSteam.uplugin
LogPluginManager: Loaded Plugin OnlineSubsystemUtils, From C:/Program Files (x86)/Epic Games/4.14/Engine/Plugins/Online/OnlineSubsystemUtils/OnlineSubsystemUtils.uplugin
LogPluginManager: Loaded Plugin IOSTapJoy, From C:/Program Files (x86)/Epic Games/4.14/Engine/Plugins/Runtime/Advertising/IOSTapJoy/IOSTapJoy.uplugin
LogPluginManager: Loaded Plugin AnalyticsBlueprintLibrary, From C:/Program Files (x86)/Epic Games/4.14/Engine/Plugins/Runtime/Analytics/AnalyticsBlueprintLibrary/AnalyticsBlueprintLibrary.uplugin
LogPluginManager: Loaded Plugin AnalyticsMulticast, From C:/Program Files (x86)/Epic Games/4.14/Engine/Plugins/Runtime/Analytics/AnalyticsMulticast/AnalyticsMulticast.uplugin
LogPluginManager: Loaded Plugin Apsalar, From C:/Program Files (x86)/Epic Games/4.14/Engine/Plugins/Runtime/Analytics/Apsalar/Apsalar.uplugin
LogPluginManager: Loaded Plugin FileLogging, From C:/Program Files (x86)/Epic Games/4.14/Engine/Plugins/Runtime/Analytics/FileLogging/FileLogging.uplugin
LogPluginManager: Loaded Plugin Flurry, From C:/Program Files (x86)/Epic Games/4.14/Engine/Plugins/Runtime/Analytics/Flurry/Flurry.uplugin
LogPluginManager: Loaded Plugin AndroidDeviceProfileSelector, From C:/Program Files (x86)/Epic Games/4.14/Engine/Plugins/Runtime/AndroidDeviceProfileSelector/AndroidDeviceProfileSelector.uplugin
LogPluginManager: Loaded Plugin AndroidMoviePlayer, From C:/Program Files (x86)/Epic Games/4.14/Engine/Plugins/Runtime/AndroidMoviePlayer/AndroidMoviePlayer.uplugin
LogPluginManager: Loaded Plugin AppleMoviePlayer, From C:/Program Files (x86)/Epic Games/4.14/Engine/Plugins/Runtime/AppleMoviePlayer/AppleMoviePlayer.uplugin
LogPluginManager: Loaded Plugin ArchVisCharacter, From C:/Program Files (x86)/Epic Games/4.14/Engine/Plugins/Runtime/ArchVisCharacter/ArchVisCharacter.uplugin
LogPluginManager: Loaded Plugin CableComponent, From C:/Program Files (x86)/Epic Games/4.14/Engine/Plugins/Runtime/CableComponent/CableComponent.uplugin
LogPluginManager: Loaded Plugin CustomMeshComponent, From C:/Program Files (x86)/Epic Games/4.14/Engine/Plugins/Runtime/CustomMeshComponent/CustomMeshComponent.uplugin
LogPluginManager: Loaded Plugin ExampleDeviceProfileSelector, From C:/Program Files (x86)/Epic Games/4.14/Engine/Plugins/Runtime/ExampleDeviceProfileSelector/ExampleDeviceProfileSelector.uplugin
LogPluginManager: Loaded Plugin GearVR, From C:/Program Files (x86)/Epic Games/4.14/Engine/Plugins/Runtime/GearVR/GearVR.uplugin
LogPluginManager: Loaded Plugin GoogleVRController, From C:/Program Files (x86)/Epic Games/4.14/Engine/Plugins/Runtime/GoogleVR/GoogleVRController/GoogleVRController.uplugin
LogPluginManager: Loaded Plugin GoogleVRHMD, From C:/Program Files (x86)/Epic Games/4.14/Engine/Plugins/Runtime/GoogleVR/GoogleVRHMD/GoogleVRHMD.uplugin
LogPluginManager: Loaded Plugin IOSDeviceProfileSelector, From C:/Program Files (x86)/Epic Games/4.14/Engine/Plugins/Runtime/IOSDeviceProfileSelector/IOSDeviceProfileSelector.uplugin
LogPluginManager: Loaded Plugin LeapMotion, From C:/Program Files (x86)/Epic Games/4.14/Engine/Plugins/Runtime/LeapMotion/LeapMotion.uplugin
LogPluginManager: Loaded Plugin LinuxDeviceProfileSelector, From C:/Program Files (x86)/Epic Games/4.14/Engine/Plugins/Runtime/LinuxDeviceProfileSelector/LinuxDeviceProfileSelector.uplugin
LogPluginManager: Loaded Plugin MIDIDevice, From C:/Program Files (x86)/Epic Games/4.14/Engine/Plugins/Runtime/MIDIDevice/MIDIDevice.uplugin
LogPluginManager: Loaded Plugin MobilePatchingUtils, From C:/Program Files (x86)/Epic Games/4.14/Engine/Plugins/Runtime/MobilePatchingUtils/MobilePatchingUtils.uplugin
LogPluginManager: Loaded Plugin Ansel, From C:/Program Files (x86)/Epic Games/4.14/Engine/Plugins/Runtime/Nvidia/Ansel/Ansel.uplugin
LogPluginManager: Loaded Plugin OculusAudio, From C:/Program Files (x86)/Epic Games/4.14/Engine/Plugins/Runtime/OculusAudio/OculusAudio.uplugin
LogPluginManager: Loaded Plugin OculusInput, From C:/Program Files (x86)/Epic Games/4.14/Engine/Plugins/Runtime/OculusInput/OculusInput.uplugin
LogPluginManager: Loaded Plugin OculusLibrary, From C:/Program Files (x86)/Epic Games/4.14/Engine/Plugins/Runtime/OculusLibrary/OculusLibrary.uplugin
LogPluginManager: Loaded Plugin OculusRift, From C:/Program Files (x86)/Epic Games/4.14/Engine/Plugins/Runtime/OculusRift/OculusRift.uplugin
LogPluginManager: Loaded Plugin Oodle, From C:/Program Files (x86)/Epic Games/4.14/Engine/Plugins/Runtime/PacketHandlers/CompressionComponents/Oodle/Oodle.uplugin
LogPluginManager: Loaded Plugin ProceduralMeshComponent, From C:/Program Files (x86)/Epic Games/4.14/Engine/Plugins/Runtime/ProceduralMeshComponent/ProceduralMeshComponent.uplugin
LogPluginManager: Loaded Plugin SoundMod, From C:/Program Files (x86)/Epic Games/4.14/Engine/Plugins/Runtime/SoundMod/SoundMod.uplugin
LogPluginManager: Loaded Plugin SoundVisualizations, From C:/Program Files (x86)/Epic Games/4.14/Engine/Plugins/Runtime/SoundVisualizations/SoundVisualizations.uplugin
LogPluginManager: Loaded Plugin SteamController, From C:/Program Files (x86)/Epic Games/4.14/Engine/Plugins/Runtime/Steam/SteamController/SteamController.uplugin
LogPluginManager: Loaded Plugin SteamVR, From C:/Program Files (x86)/Epic Games/4.14/Engine/Plugins/Runtime/Steam/SteamVR/SteamVR.uplugin
LogPluginManager: Loaded Plugin WebBrowserWidget, From C:/Program Files (x86)/Epic Games/4.14/Engine/Plugins/Runtime/WebBrowserWidget/WebBrowserWidget.uplugin
LogPluginManager: Loaded Plugin WindowsDeviceProfileSelector, From C:/Program Files (x86)/Epic Games/4.14/Engine/Plugins/Runtime/WindowsDeviceProfileSelector/WindowsDeviceProfileSelector.uplugin
LogPluginManager: Loaded Plugin WindowsMoviePlayer, From C:/Program Files (x86)/Epic Games/4.14/Engine/Plugins/Runtime/WindowsMoviePlayer/WindowsMoviePlayer.uplugin
LogPluginManager: Loaded Plugin ScriptPlugin, From C:/Program Files (x86)/Epic Games/4.14/Engine/Plugins/ScriptPlugin/ScriptPlugin.uplugin
LogPluginManager: Loaded Plugin SlateRemote, From C:/Program Files (x86)/Epic Games/4.14/Engine/Plugins/Slate/SlateRemote/SlateRemote.uplugin
LogPluginManager: Loaded Plugin EditorTests, From C:/Program Files (x86)/Epic Games/4.14/Engine/Plugins/Tests/EditorTests/EditorTests.uplugin
LogPluginManager: Loaded Plugin FbxAutomationTestBuilder, From C:/Program Files (x86)/Epic Games/4.14/Engine/Plugins/Tests/FbxAutomationTestBuilder/FbxAutomationTestBuilder.uplugin
LogPluginManager: Loaded Plugin FunctionalTestingEditor, From C:/Program Files (x86)/Epic Games/4.14/Engine/Plugins/Tests/FunctionalTestingEditor/FunctionalTestingEditor.uplugin
LogPluginManager: Loaded Plugin RuntimeTests, From C:/Program Files (x86)/Epic Games/4.14/Engine/Plugins/Tests/RuntimeTests/RuntimeTests.uplugin
LogPluginManager: Loaded Plugin ScreenshotTools, From C:/Program Files (x86)/Epic Games/4.14/Engine/Plugins/Tests/ScreenshotTools/ScreenshotTools.uplugin
LogInit: Using libcurl 7.47.1
LogInit:  - built for x86_64-pc-win32
LogInit:  - supports SSL with OpenSSL/1.0.2g
LogInit:  - supports HTTP deflate (compression) using libz 1.2.8
LogInit:  - other features:
LogInit:      CURL_VERSION_SSL
LogInit:      CURL_VERSION_LIBZ
LogInit:      CURL_VERSION_IPV6
LogInit:      CURL_VERSION_ASYNCHDNS
LogInit:      CURL_VERSION_LARGEFILE
LogInit:      CURL_VERSION_IDN
LogInit:  CurlRequestOptions (configurable via config and command line):
LogInit:  - bVerifyPeer = false  - Libcurl will NOT verify peer certificate
LogInit:  - bUseHttpProxy = false  - Libcurl will NOT use HTTP proxy
LogInit:  - bDontReuseConnections = false  - Libcurl will reuse connections
LogInit:  - CertBundlePath = nullptr  - Libcurl will use whatever was configured at build time.
LogInit: Build: ++UE4+Release-4.14-CL-3249277
LogInit: Engine Version: 4.14.3-3249277+++UE4+Release-4.14
LogInit: Compatible Engine Version: 4.14.0-3195953+++UE4+Release-4.14
LogInit: Net CL: 3195953
LogDevObjectVersion: Number of dev versions registered: 13
LogDevObjectVersion:   Dev-Blueprints (B0D832E4-1F89-4F0D-ACCF-7EB736FD4AA2): 7
LogDevObjectVersion:   Dev-Build (E1C64328-A22C-4D53-A36C-8E866417BD8C): 0
LogDevObjectVersion:   Dev-Core (375EC13C-06E4-48FB-B500-84F0262A717E): 1
LogDevObjectVersion:   Dev-Editor (E4B068ED-F494-42E9-A231-DA0B2E46BB41): 8
LogDevObjectVersion:   Dev-Framework (CFFC743F-43B0-4480-9391-14DF171D2073): 17
LogDevObjectVersion:   Dev-Mobile (B02B49B5-BB20-44E9-A304-32B752E40360): 0
LogDevObjectVersion:   Dev-Networking (A4E4105C-59A1-49B5-A7C5-40C4547EDFEE): 0
LogDevObjectVersion:   Dev-Online (39C831C9-5AE6-47DC-9A44-9C173E1C8E7C): 0
LogDevObjectVersion:   Dev-Physics (78F01B33-EBEA-4F98-B9B4-84EACCB95AA2): 0
LogDevObjectVersion:   Dev-Platform (6631380F-2D4D-43E0-8009-CF276956A95A): 0
LogDevObjectVersion:   Dev-Rendering (12F88B9F-8875-4AFC-A67C-D90C383ABD29): 12
LogDevObjectVersion:   Dev-Sequencer (7B5AE74C-D270-4C10-A958-57980B212A5A): 1
LogDevObjectVersion:   Dev-VR (D7296918-1DD6-4BDD-9DE2-64A83CC13884): 0
LogInit: Compiled (64-bit): Jan  6 2017 10:49:43
LogInit: Compiled with Visual C++: 19.00.23026.00
LogInit: Build Configuration: Development
LogInit: Branch Name: ++UE4+Release-4.14
LogInit: Command line:  
LogInit: Base directory: C:/Program Files (x86)/Epic Games/4.14/Engine/Binaries/Win64/
LogInit: Installed Engine Build: 1
LogInit: Presizing for max 8388607 objects, including 0 objects not considered by GC, pre-allocating 0 bytes for permanent pool.
LogInit: Object subsystem initialized
[2017.01.22-06.10.31:173][  0]LogInit: Selected Device Profile: [Windows]
[2017.01.22-06.10.31:173][  0]LogInit: Applying CVar settings loaded from the selected device profile: [Windows]
[2017.01.22-06.10.31:247][  0]LogInit: Computer: EXCELION-LP
[2017.01.22-06.10.31:247][  0]LogInit: User: Excelion
[2017.01.22-06.10.31:247][  0]LogInit: CPU Page size=65536, Cores=2
[2017.01.22-06.10.31:247][  0]LogInit: High frequency timer resolution =2.208037 MHz
[2017.01.22-06.10.31:247][  0]LogMemory: Memory total: Physical=3.9GB (4GB approx)
[2017.01.22-06.10.31:247][  0]LogMemory: Platform Memory Stats for Windows
[2017.01.22-06.10.31:247][  0]LogMemory: Process Physical Memory: 264.50 MB used, 264.50 MB peak
[2017.01.22-06.10.31:247][  0]LogMemory: Process Virtual Memory: 264.82 MB used, 264.82 MB peak
[2017.01.22-06.10.31:247][  0]LogMemory: Physical Memory: 3335.95 MB used,  612.61 MB free, 3948.55 MB total
[2017.01.22-06.10.31:247][  0]LogMemory: Virtual Memory: 662.43 MB used,  612.61 MB free, 8388608.00 MB total
[2017.01.22-06.10.32:555][  0]LogTextLocalizationManager: No specific translations for ('en-US') exist, so ('en') translations will be used.
[2017.01.22-06.10.36:006][  0]LogD3D11RHI: D3D11 adapters:
[2017.01.22-06.10.36:157][  0]LogD3D11RHI:    0. 'ATI Mobility Radeon HD 5730' (Feature Level 11_0)
[2017.01.22-06.10.36:157][  0]LogD3D11RHI:       1014/0/1718 MB DedicatedVideo/DedicatedSystem/SharedSystem, Outputs:2, VendorId:0x1002
[2017.01.22-06.10.36:157][  0]LogD3D11RHI: Chosen D3D11 Adapter: 0
[2017.01.22-06.10.36:164][  0]LogD3D11RHI: Creating new Direct3DDevice
[2017.01.22-06.10.36:164][  0]LogD3D11RHI:     GPU DeviceId: 0x68c0 (for the marketing name, search the web for "GPU Device Id")
[2017.01.22-06.10.36:164][  0]LogWindows: EnumDisplayDevices:
[2017.01.22-06.10.36:164][  0]LogWindows:    0. 'ATI Mobility Radeon HD 5730' (P:0 D:1)
[2017.01.22-06.10.36:164][  0]LogWindows:    1. 'ATI Mobility Radeon HD 5730' (P:1 D:1)
[2017.01.22-06.10.36:165][  0]LogWindows:    2. 'RDPDD Chained DD' (P:0 D:0)
[2017.01.22-06.10.36:165][  0]LogWindows:    3. 'RDP Encoder Mirror Driver' (P:0 D:0)
[2017.01.22-06.10.36:165][  0]LogWindows:    4. 'RDP Reflector Display Driver' (P:0 D:0)
[2017.01.22-06.10.36:165][  0]LogWindows: DebugString: GetVideoDriverDetailsInvalid GetVideoDriverDetailsInvalid GetVideoDriverDetailsInvalid PrimaryIsNotTheChoosenAdapter GetVideoDriverDetailsInvalid PrimaryIsNotTheChoosenAdapter GetVideoDriverDetailsInvalid PrimaryIsNotTheChoosenAdapter FoundDriverCount:2 
[2017.01.22-06.10.36:165][  0]LogD3D11RHI:     Adapter Name: ATI Mobility Radeon HD 5730
[2017.01.22-06.10.36:165][  0]LogD3D11RHI:   Driver Version: 8.692.1.0 (internal:8.692.1.0, unified:8.692.1.0)
[2017.01.22-06.10.36:165][  0]LogD3D11RHI:      Driver Date: 1-22-2010
[2017.01.22-06.10.36:165][  0]LogRHI: Texture pool is 710 MB (70% of 1014 MB)
[2017.01.22-06.10.36:185][  0]LogD3D11RHI: Async texture creation enabled
[2017.01.22-06.10.36:202][  0]LogD3D11RHI: GPU Timing Frequency: 27.000000 (Debug: 2 1)
[2017.01.22-06.10.38:421][  0]LogShaderCompilers: Guid format shader working directory is 33 characters bigger than the processId version (D:/Gamejam/Wulna/Intermediate/Shaders/WorkingDirectory/4976/).
[2017.01.22-06.10.38:421][  0]LogShaderCompilers: Cleaned the shader compiler working directory 'C:/Users/Excelion/AppData/Local/Temp/UnrealShaderWorkingDir/1D0E7EC442DC04A12D67E88B97A5851D/'.
[2017.01.22-06.10.38:421][  0]LogShaderCompilers:Display: Using Local Shader Compiler.
[2017.01.22-06.10.51:515][  0]LogTemp:Display: Loaded TP AllDesktopTargetPlatform
[2017.01.22-06.10.51:627][  0]LogTemp:Display: Loaded TP MacClientTargetPlatform
[2017.01.22-06.10.51:789][  0]LogTemp:Display: Loaded TP MacNoEditorTargetPlatform
[2017.01.22-06.10.51:881][  0]LogTemp:Display: Loaded TP MacServerTargetPlatform
[2017.01.22-06.10.52:026][  0]LogTemp:Display: Loaded TP MacTargetPlatform
[2017.01.22-06.10.52:201][  0]LogTemp:Display: Loaded TP WindowsClientTargetPlatform
[2017.01.22-06.10.52:310][  0]LogTemp:Display: Loaded TP WindowsNoEditorTargetPlatform
[2017.01.22-06.10.52:425][  0]LogTemp:Display: Loaded TP WindowsServerTargetPlatform
[2017.01.22-06.10.52:516][  0]LogTemp:Display: Loaded TP WindowsTargetPlatform
[2017.01.22-06.10.52:649][  0]LogTemp:Display: Loaded TP AndroidTargetPlatform
[2017.01.22-06.10.52:754][  0]LogTemp:Display: Loaded TP Android_ASTCTargetPlatform
[2017.01.22-06.10.52:883][  0]LogTemp:Display: Loaded TP Android_ATCTargetPlatform
[2017.01.22-06.10.53:017][  0]LogTemp:Display: Loaded TP Android_DXTTargetPlatform
[2017.01.22-06.10.53:146][  0]LogTemp:Display: Loaded TP Android_ETC1TargetPlatform
[2017.01.22-06.10.53:250][  0]LogTemp:Display: Loaded TP Android_ETC2TargetPlatform
[2017.01.22-06.10.53:557][  0]LogTemp:Display: Loaded TP Android_MultiTargetPlatform
[2017.01.22-06.10.53:557][  0]LogTemp:Display: Loaded TP Android_PVRTCTargetPlatform
[2017.01.22-06.10.53:638][  0]LogTemp:Display: Loaded TP HTML5TargetPlatform
[2017.01.22-06.10.53:865][  0]LogTemp:Display: Loaded TP IOSTargetPlatform
[2017.01.22-06.10.53:929][  0]LogTemp:Display: Loaded TP TVOSTargetPlatform
[2017.01.22-06.10.54:048][  0]LogTemp:Display: Loaded TP LinuxClientTargetPlatform
[2017.01.22-06.10.54:140][  0]LogTemp:Display: Loaded TP LinuxNoEditorTargetPlatform
[2017.01.22-06.10.54:318][  0]LogTemp:Display: Loaded TP LinuxServerTargetPlatform
[2017.01.22-06.10.54:430][  0]LogTemp:Display: Loaded TP LinuxTargetPlatform
[2017.01.22-06.10.54:430][  0]LogTargetPlatformManager:Display: Building Assets For Windows
[2017.01.22-06.10.56:867][  0]LogDerivedDataCache:Display: Max Cache Size: 512 MB
[2017.01.22-06.10.59:858][  0]LogDerivedDataCache: Loaded boot cache 2.99s 50MB C:/Users/Excelion/AppData/Local/UnrealEngine/4.14/DerivedDataCache/Boot.ddc.
[2017.01.22-06.10.59:858][  0]LogDerivedDataCache:Display: Loaded Boot cache: C:/Users/Excelion/AppData/Local/UnrealEngine/4.14/DerivedDataCache/Boot.ddc
[2017.01.22-06.10.59:858][  0]LogDerivedDataCache: FDerivedDataBackendGraph:  Pak pak cache file D:/Gamejam/Wulna/DerivedDataCache/DDC.ddp not found, will not use a pak cache.
[2017.01.22-06.10.59:858][  0]LogDerivedDataCache: Unable to find inner node Pak for hierarchical cache Hierarchy.
[2017.01.22-06.10.59:858][  0]LogDerivedDataCache: FDerivedDataBackendGraph:  CompressedPak pak cache file D:/Gamejam/Wulna/DerivedDataCache/Compressed.ddp not found, will not use a pak cache.
[2017.01.22-06.10.59:858][  0]LogDerivedDataCache: Unable to find inner node CompressedPak for hierarchical cache Hierarchy.
[2017.01.22-06.10.59:904][  0]LogDerivedDataCache:Display: Pak cache opened for reading ../../../Engine/DerivedDataCache/Compressed.ddp.
[2017.01.22-06.10.59:916][  0]LogDerivedDataCache: Using Local data cache path C:/Users/Excelion/AppData/Local/UnrealEngine/Common/DerivedDataCache: Writable
[2017.01.22-06.11.04:738][  0]LogInit: Selected Device Profile: [Windows]
[2017.01.22-06.11.04:764][  0]LogContentStreaming: Texture pool size is 0.00 MB
[2017.01.22-06.11.05:548][  0]LogMeshUtilities: Using QuadricMeshReduction for automatic static mesh reduction
[2017.01.22-06.11.05:745][  0]LogSimplygon: Simplygon DLL not present - disabling.
[2017.01.22-06.11.05:885][  0]LogMeshUtilities: Using SimplygonSwarm for distributed automatic mesh merging
[2017.01.22-06.11.05:885][  0]LogMeshUtilities: No automatic skeletal mesh reduction module available
[2017.01.22-06.11.05:885][  0]LogMeshUtilities: No automatic mesh merging module available
[2017.01.22-06.11.09:995][  0]LogNetVersion: GetLocalNetworkVersion: CL: 3195953, ProjectName: wulna, ProjectVersion: , EngineNetworkVersion: 2, GameNetworkVersion: 0, NetworkChecksum: 3414250591
[2017.01.22-06.11.10:542][  0]LogAssetRegistry: FAssetRegistry took 0.0693 seconds to start up
[2017.01.22-06.11.11:064][  0]LogPackageLocalizationCache: Processed 3 localized package path(s) for 2 prioritized culture(s) in 0.173075 seconds
[2017.01.22-06.11.11:088][  0]LogUObjectArray: 31946 objects as part of root set at end of initial load.
[2017.01.22-06.11.11:088][  0]LogUObjectAllocator: 6935848 out of 0 bytes used by permanent object pool.
[2017.01.22-06.11.11:088][  0]LogUObjectArray: CloseDisregardForGC: 0/0 objects in disregard for GC pool
[2017.01.22-06.11.11:242][  0]LogInit: WinSock: version 1.1 (2.2), MaxSocks=32767, MaxUdp=65467
[2017.01.22-06.11.16:921][  0]LogSlate: Using Freetype 2.6.0
[2017.01.22-06.11.16:953][  0]LogSlate: SlateFontCache - WITH_FREETYPE: 1, WITH_HARFBUZZ: 1
[2017.01.22-06.11.16:953][  0]LogSlate: SlateFontCache - WITH_FREETYPE: 1, WITH_HARFBUZZ: 1
[2017.01.22-06.11.33:946][  0]LogTcpMessaging: Initializing TcpMessaging bridge
[2017.01.22-06.11.34:377][  0]LogUdpMessaging: Initializing bridge on interface 0.0.0.0:0 to multicast group 230.0.0.1:6666.
[2017.01.22-06.11.36:358][  0]LogMaterial: Uniform references updated for custom material expression Custom.
[2017.01.22-06.11.38:759][  0]SourceControl: Info Source control is disabled
[2017.01.22-06.11.41:020][  0]SourceControl: Info Source control is disabled
[2017.01.22-06.11.41:387][  0]SourceControl: Info Source control is disabled
[2017.01.22-06.11.41:610][  0]SourceControl: Info Source control is disabled
[2017.01.22-06.11.49:799][  0]LogEngine: Initializing Engine...
[2017.01.22-06.11.49:832][  0]LogHMD: Failed to initialize OpenVR with code 110
[2017.01.22-06.11.51:548][  0]LogAIModule: Creating AISystem for world Untitled
[2017.01.22-06.11.51:861][  0]LogInit: XAudio2 using 'Speakers (High Definition Audio Device)' : 2 channels at 44.1 kHz using 16 bits per sample (channel mask 0x3)
[2017.01.22-06.11.52:028][  0]LogInit: FAudioDevice initialized.
[2017.01.22-06.11.52:120][  0]LogDerivedDataCache: Saved boot cache 0.04s 50MB C:/Users/Excelion/AppData/Local/UnrealEngine/4.14/DerivedDataCache/Boot.ddc.
[2017.01.22-06.11.52:157][  0]LogInit: Texture streaming: Enabled
[2017.01.22-06.11.53:187][  0]LogInit: Transaction tracking system initialized
[2017.01.22-06.11.54:814][  0]BlueprintLog: New page: Editor Load
[2017.01.22-06.12.01:048][  0]LocalizationService: Info Localization service is disabled
[2017.01.22-06.12.05:046][  0]LogConsoleResponse:Display: 
[2017.01.22-06.12.08:765][  0]LogCook:Display: Max memory allowance for cook 16384mb min free memory 0mb
[2017.01.22-06.12.08:779][  0]LogCook:Display: Mobile HDR setting 1
[2017.01.22-06.12.12:654][  0]LogFileCache: Scanning file cache for directory 'D:/Gamejam/Wulna/Content/' took 3.77s
[2017.01.22-06.12.14:282][  0]SourceControl: Info Source control is disabled
[2017.01.22-06.12.14:329][  0]Cmd: MAP LOAD FILE="D:/Gamejam/Wulna/Content/Maps/TestingMapAI.umap" TEMPLATE=0 SHOWPROGRESS=1 FEATURELEVEL=3
[2017.01.22-06.12.14:330][  0]LightingResults: New page: Lighting Build
[2017.01.22-06.12.14:520][  0]MapCheck: New page: Map Check
[2017.01.22-06.12.14:520][  0]LightingResults: New page: Lighting Build
[2017.01.22-06.12.19:743][  0]LogBlueprint:Warning: [SheepCharacterBP] 'shakeCamera' variable not found. Base class was probably changed.
[2017.01.22-06.12.19:743][  0]LogBlueprint:Warning: [SheepCharacterBP] 'shakeCamera' variable not found. Base class was probably changed.
[2017.01.22-06.12.31:489][  0]LogAIModule: Creating AISystem for world TestingMapAI
[2017.01.22-06.12.32:677][  0]LogEditorServer: Finished looking for orphan Actors (0.000 secs)
[2017.01.22-06.12.32:691][  0]Cmd: MAP CHECKDEP NOCLEARLOG
[2017.01.22-06.12.32:772][  0]MapCheck: Info Map check complete: 0 Error(s), 0 Warning(s), took 80.803ms to complete.
[2017.01.22-06.12.32:772][  0]LogFileHelpers: Loading map 'TestingMapAI' took 18.443
[2017.01.22-06.12.34:475][  0]LogCollectionManager: Loaded 0 collections in 0.002494 seconds
[2017.01.22-06.12.35:288][  0]LogFileCache: Scanning file cache for directory 'D:/Gamejam/Wulna/Saved/Collections/' took 0.01s
[2017.01.22-06.12.35:288][  0]LogFileCache: Scanning file cache for directory 'D:/Gamejam/Wulna/Content/Developers/Excelion/Collections/' took 0.01s
[2017.01.22-06.12.35:288][  0]LogFileCache: Scanning file cache for directory 'D:/Gamejam/Wulna/Content/Collections/' took 0.01s
[2017.01.22-06.12.35:288][  0]LogCollectionManager: Rebuilt the GUID cache for 0 collections in 0.000005 seconds
[2017.01.22-06.12.35:351][  0]LogContentBrowser: Native class hierarchy populated in 0.0622 seconds. Added 2190 classes and 428 folders.
[2017.01.22-06.12.35:636][  0]LogStats: UGameplayTagsManager::ConstructGameplayTagTree: Construct from data asset -  0.000 s
[2017.01.22-06.12.35:658][  0]LogStats: UGameplayTagsManager::ConstructGameplayTagTree: GameplayTagTreeChangedEvent.Broadcast -  0.022 s
[2017.01.22-06.12.35:662][  0]LogContentBrowser: Native class hierarchy updated for 'GameplayTags' in 0.0032 seconds. Added 13 classes and 0 folders.
[2017.01.22-06.12.35:817][  0]LogContentBrowser: Native class hierarchy updated for 'WidgetCarousel' in 0.0008 seconds. Added 0 classes and 0 folders.
[2017.01.22-06.12.39:154][  0]LogContentBrowser: Native class hierarchy updated for 'AddContentDialog' in 0.0019 seconds. Added 0 classes and 0 folders.
[2017.01.22-06.12.39:341][  0]LogContentBrowser: Native class hierarchy updated for 'SceneOutliner' in 0.0009 seconds. Added 1 classes and 2 folders.
[2017.01.22-06.12.40:957][  0]LogCrashTracker: Crashtracker disabled due to settings.
[2017.01.22-06.12.41:195][  0]LogUObjectGlobals:Warning: Failed to find object 'Class None.'
[2017.01.22-06.12.41:650][  0]LogContentBrowser: Native class hierarchy updated for 'HierarchicalLODOutliner' in 0.0012 seconds. Added 1 classes and 2 folders.
[2017.01.22-06.12.41:650][  0]LogLoad: (Engine Initialization) Total time: 141.83 seconds
[2017.01.22-06.12.41:650][  0]LogLoad: (Engine Initialization) Total Blueprint compile time: 1.32 seconds
[2017.01.22-06.12.41:650][  0]LogExternalProfiler: No external profilers were discovered.  External profiling features will not be available.
[2017.01.22-06.12.42:031][  0]LogOcInput: OculusInput pre-init called
[2017.01.22-06.12.42:128][  0]LogContentStreaming: Texture pool size now 400 MB
[2017.01.22-06.12.44:155][  0]LogRenderer: Reallocating scene render targets to support 1096x324 NumSamples 1 (Frame:2).
